[19Jan2025 00:00:24.061] [Server thread/INFO] [net.minecraft.server.MinecraftServer/]: [Not Secure] <Irregular24> se metio su polvito el Seta33
[19Jan2025 00:00:40.473] [Server thread/INFO] [net.minecraft.server.MinecraftServer/]: [Not Secure] <Seta33> polvo tienes?
[19Jan2025 00:00:47.111] [Server thread/INFO] [net.minecraft.server.MinecraftServer/]: [Not Secure] <Seta33> polvora
[19Jan2025 00:00:48.063] [Server thread/INFO] [net.minecraft.server.MinecraftServer/]: [Not Secure] <Erickduran2002> no usaron modo creativo pa esto
[19Jan2025 00:00:55.289] [Server thread/INFO] [net.minecraft.server.MinecraftServer/]: [Not Secure] <Seta33> para que?
[19Jan2025 00:02:10.415] [Server thread/INFO] [net.minecraft.server.MinecraftServer/]: Erickduran2002 has made the advancement [Vanishing]
[19Jan2025 00:02:13.283] [Server thread/INFO] [net.minecraft.server.MinecraftServer/]: [Irregular24: Set own game mode to Spectator Mode]
[19Jan2025 00:02:21.784] [Server thread/INFO] [net.minecraft.server.MinecraftServer/]: [Seta33: Set Irregular24's game mode to Survival Mode]
[19Jan2025 00:02:24.311] [Server thread/INFO] [net.minecraft.server.MinecraftServer/]: [Irregular24: Set own game mode to Spectator Mode]
[19Jan2025 00:02:27.057] [Server thread/INFO] [net.minecraft.server.MinecraftServer/]: [Irregular24: Set own game mode to Survival Mode]
[19Jan2025 00:02:41.311] [Server thread/INFO] [net.minecraft.server.MinecraftServer/]: [Irregular24: Set own game mode to Spectator Mode]
[19Jan2025 00:02:45.609] [Server thread/INFO] [net.minecraft.server.MinecraftServer/]: [Seta33: Set Irregular24's game mode to Survival Mode]
[19Jan2025 00:02:46.169] [Server thread/INFO] [net.minecraft.server.MinecraftServer/]: [Irregular24: Set own game mode to Spectator Mode]
[19Jan2025 00:02:47.070] [Server thread/INFO] [net.minecraft.server.MinecraftServer/]: [Irregular24: Set own game mode to Survival Mode]
[19Jan2025 00:03:02.470] [Server thread/INFO] [net.minecraft.server.MinecraftServer/]: Seta33 has completed the challenge [Master of Escape]
[19Jan2025 00:03:48.713] [Server thread/INFO] [net.minecraft.server.MinecraftServer/]: [Not Secure] <Seta33> comida tienes Irregular24
[19Jan2025 00:03:53.940] [Server thread/INFO] [net.minecraft.server.MinecraftServer/]: [Not Secure] <Seta33> o tu Erickduran2002
[19Jan2025 00:04:10.916] [Server thread/INFO] [net.minecraft.server.MinecraftServer/]: [Not Secure] <Irregular24> ahg me esta jodiendo el juego de mrd
[19Jan2025 00:04:16.278] [Server thread/INFO] [net.minecraft.server.MinecraftServer/]: [Irregular24: Set own game mode to Spectator Mode]
[19Jan2025 00:04:21.287] [Server thread/INFO] [net.minecraft.server.MinecraftServer/]: [Seta33: Set Irregular24's game mode to Survival Mode]
[19Jan2025 00:04:23.161] [Server thread/INFO] [net.minecraft.server.MinecraftServer/]: [Irregular24: Set own game mode to Spectator Mode]
[19Jan2025 00:04:28.837] [Server thread/INFO] [net.minecraft.server.MinecraftServer/]: [Seta33: Set Irregular24's game mode to Survival Mode]
[19Jan2025 00:04:36.737] [Server thread/INFO] [net.minecraft.server.MinecraftServer/]: [Irregular24: Set own game mode to Spectator Mode]
[19Jan2025 00:04:38.086] [Server thread/INFO] [net.minecraft.server.MinecraftServer/]: [Seta33: Set Irregular24's game mode to Survival Mode]
[19Jan2025 00:04:41.956] [Server thread/INFO] [net.minecraft.server.MinecraftServer/]: [Not Secure] <Irregular24> deja mrd Seta33
[19Jan2025 00:04:42.975] [Server thread/INFO] [net.minecraft.server.MinecraftServer/]: [Irregular24: Set own game mode to Spectator Mode]
[19Jan2025 00:04:43.990] [Server thread/INFO] [net.minecraft.server.MinecraftServer/]: [Seta33: Set Irregular24's game mode to Survival Mode]
[19Jan2025 00:04:48.968] [Server thread/INFO] [net.minecraft.server.MinecraftServer/]: [Not Secure] <Seta33> yaya
[19Jan2025 00:04:51.416] [Server thread/INFO] [net.minecraft.server.MinecraftServer/]: [Irregular24: Set own game mode to Spectator Mode]
[19Jan2025 00:05:03.973] [Server thread/INFO] [net.minecraft.server.MinecraftServer/]: [Irregular24: Set own game mode to Survival Mode]
[19Jan2025 00:05:40.499] [Server thread/WARN] [net.minecraft.server.MinecraftServer/]: Can't keep up! Is the server overloaded? Running 2608ms or 52 ticks behind
[19Jan2025 00:07:11.799] [VoiceChatPacketProcessingThread/INFO] [voicechat/]: [voicechat] Player 14639684-7cba-383d-9504-86ac9ad2ef9e timed out
[19Jan2025 00:07:11.799] [VoiceChatPacketProcessingThread/INFO] [voicechat/]: [voicechat] Reconnecting player Seta33
[19Jan2025 00:07:11.800] [VoiceChatPacketProcessingThread/INFO] [voicechat/]: [voicechat] Sent secret to Seta33
[19Jan2025 00:07:31.122] [Server thread/INFO] [net.minecraft.server.network.ServerGamePacketListenerImpl/]: Seta33 lost connection: Timed out
[19Jan2025 00:07:31.123] [Server thread/INFO] [net.minecraft.server.MinecraftServer/]: Seta33 left the game
[19Jan2025 00:07:31.150] [Server thread/INFO] [voicechat/]: [voicechat] Disconnecting client Seta33
[19Jan2025 00:07:31.250] [Server thread/WARN] [net.minecraft.network.Connection/]: handleDisconnection() called twice
[19Jan2025 00:08:37.938] [Server thread/INFO] [net.minecraft.server.players.PlayerList/]: Seta33[/127.117.158.103:47713] logged in with entity id 29977 at (-16.87509235334106, 98.4563528729932, -65.09217022107543)
[19Jan2025 00:08:37.959] [Server thread/INFO] [net.minecraft.server.MinecraftServer/]: Seta33 joined the game
[19Jan2025 00:08:37.969] [Server thread/INFO] [Jade/]: Syncing config to Seta33 (14639684-7cba-383d-9504-86ac9ad2ef9e)
[19Jan2025 00:08:39.608] [Server thread/INFO] [voicechat/]: [voicechat] Received secret request of Seta33 (18)
[19Jan2025 00:08:39.609] [Server thread/INFO] [voicechat/]: [voicechat] Sent secret to Seta33
[19Jan2025 00:08:51.487] [VoiceChatPacketProcessingThread/INFO] [voicechat/]: [voicechat] Successfully authenticated player 14639684-7cba-383d-9504-86ac9ad2ef9e
[19Jan2025 00:08:52.489] [VoiceChatPacketProcessingThread/INFO] [voicechat/]: [voicechat] Successfully validated connection of player 14639684-7cba-383d-9504-86ac9ad2ef9e
[19Jan2025 00:08:52.490] [VoiceChatPacketProcessingThread/INFO] [voicechat/]: [voicechat] Player Seta33 (14639684-7cba-383d-9504-86ac9ad2ef9e) successfully connected to voice chat
[19Jan2025 00:09:04.524] [Server thread/INFO] [net.minecraft.server.MinecraftServer/]: [Irregular24: Set own game mode to Creative Mode]
[19Jan2025 00:09:16.312] [Server thread/INFO] [net.minecraft.server.MinecraftServer/]: [Irregular24: Set own game mode to Survival Mode]
[19Jan2025 00:09:21.159] [Server thread/WARN] [net.minecraft.server.MinecraftServer/]: Can't keep up! Is the server overloaded? Running 2018ms or 40 ticks behind
[19Jan2025 00:09:42.519] [Server thread/INFO] [net.minecraft.server.MinecraftServer/]: [Irregular24: Set own game mode to Spectator Mode]
[19Jan2025 00:09:45.922] [Server thread/INFO] [net.minecraft.server.MinecraftServer/]: [Irregular24: Set own game mode to Survival Mode]
[19Jan2025 00:10:10.983] [Server thread/INFO] [net.minecraft.server.MinecraftServer/]: [Irregular24: Set own game mode to Spectator Mode]
[19Jan2025 00:10:15.964] [Server thread/INFO] [net.minecraft.server.MinecraftServer/]: [Irregular24: Set own game mode to Survival Mode]
[19Jan2025 00:10:45.780] [Server thread/INFO] [net.minecraft.server.MinecraftServer/]: [Not Secure] <Seta33> toda armadura vale verdad?
[19Jan2025 00:10:49.560] [Server thread/INFO] [net.minecraft.server.MinecraftServer/]: [Not Secure] <Irregular24> si
[19Jan2025 00:12:29.648] [Server thread/INFO] [net.minecraft.server.MinecraftServer/]: [Irregular24: Set own game mode to Spectator Mode]
[19Jan2025 00:12:39.977] [Server thread/INFO] [net.minecraft.server.MinecraftServer/]: [Irregular24: Set own game mode to Survival Mode]
[19Jan2025 00:13:25.269] [Server thread/INFO] [net.minecraft.server.MinecraftServer/]: [Irregular24: Set own game mode to Spectator Mode]
[19Jan2025 00:13:36.215] [Server thread/INFO] [net.minecraft.server.MinecraftServer/]: [Irregular24: Set own game mode to Survival Mode]
[19Jan2025 00:13:54.019] [Server thread/INFO] [net.minecraft.server.MinecraftServer/]: [Irregular24: Set own game mode to Spectator Mode]
[19Jan2025 00:14:02.515] [Server thread/INFO] [net.minecraft.server.MinecraftServer/]: [Irregular24: Set own game mode to Survival Mode]
